c:\users\user\desktop\системное программирование\kr2\kr2\x64\debug\vc143.pdb
c:\users\user\desktop\системное программирование\kr2\kr2\x64\debug\vc143.idb
c:\users\user\desktop\системное программирование\kr2\kr2\x64\debug\human.obj
c:\users\user\desktop\системное программирование\kr2\kr2\x64\debug\client.obj
c:\users\user\desktop\системное программирование\kr2\kr2\x64\debug\animal.obj
c:\users\user\desktop\системное программирование\kr2\kr2\x64\debug\main.obj
c:\users\user\desktop\системное программирование\kr2\kr2\x64\debug\employee.obj
c:\users\user\desktop\системное программирование\kr2\kr2\x64\debug\cliemp.obj
c:\users\user\desktop\системное программирование\kr2\kr2\x64\debug\dog.obj
c:\users\user\desktop\системное программирование\kr2\kr2\x64\debug\cat.obj
c:\users\user\desktop\системное программирование\kr2\kr2\x64\debug\bobr.obj
c:\users\user\desktop\системное программирование\kr2\x64\debug\kr2.exe
c:\users\user\desktop\системное программирование\kr2\x64\debug\kr2.pdb
c:\users\user\desktop\системное программирование\kr2\kr2\x64\debug\kr2.ilk
c:\users\user\desktop\системное программирование\kr2\kr2\x64\debug\kr2.tlog\cl.command.1.tlog
c:\users\user\desktop\системное программирование\kr2\kr2\x64\debug\kr2.tlog\cl.items.tlog
c:\users\user\desktop\системное программирование\kr2\kr2\x64\debug\kr2.tlog\cl.read.1.tlog
c:\users\user\desktop\системное программирование\kr2\kr2\x64\debug\kr2.tlog\cl.write.1.tlog
c:\users\user\desktop\системное программирование\kr2\kr2\x64\debug\kr2.tlog\link.command.1.tlog
c:\users\user\desktop\системное программирование\kr2\kr2\x64\debug\kr2.tlog\link.read.1.tlog
c:\users\user\desktop\системное программирование\kr2\kr2\x64\debug\kr2.tlog\link.secondary.1.tlog
c:\users\user\desktop\системное программирование\kr2\kr2\x64\debug\kr2.tlog\link.write.1.tlog
